<?xml version="1.0" encoding="UTF-8"?>
<coverage generated="1517485019245" clover="3.2.0">
  <project timestamp="1517485019246" name="All files">
    <metrics statements="162" coveredstatements="93" conditionals="61" coveredconditionals="25" methods="78" coveredmethods="40" elements="301" coveredelements="158" complexity="0" loc="162" ncloc="162" packages="4" files="19" classes="19">
      <package name="src">
        <metrics statements="30" coveredstatements="3" conditionals="27" coveredconditionals="0" methods="15" coveredmethods="0"/>
        <file name="fakePosts.js" path="/Users/maruf/Desktop/final/offline-forum/src/fakePosts.js">
          <metrics statements="1" coveredstatements="0" conditionals="0" coveredconditionals="0" methods="0" coveredmethods="0"/>
          <line num="1" count="0" type="stmt"/>
        </file>
        <file name="index.js" path="/Users/maruf/Desktop/final/offline-forum/src/index.js">
          <metrics statements="12" coveredstatements="0" conditionals="6" coveredconditionals="0" methods="1" coveredmethods="0"/>
          <line num="1" count="0" type="stmt"/>
          <line num="2" count="0" type="stmt"/>
          <line num="3" count="0" type="stmt"/>
          <line num="4" count="0" type="stmt"/>
          <line num="5" count="0" type="stmt"/>
          <line num="6" count="0" type="cond" truecount="0" falsecount="4"/>
          <line num="8" count="0" type="stmt"/>
          <line num="9" count="0" type="cond" truecount="0" falsecount="2"/>
          <line num="10" count="0" type="stmt"/>
          <line num="13" count="0" type="stmt"/>
          <line num="15" count="0" type="stmt"/>
          <line num="17" count="0" type="stmt"/>
        </file>
        <file name="registerServiceWorker.js" path="/Users/maruf/Desktop/final/offline-forum/src/registerServiceWorker.js">
          <metrics statements="14" coveredstatements="0" conditionals="21" coveredconditionals="0" methods="14" coveredmethods="0"/>
          <line num="1" count="0" type="stmt"/>
          <line num="21" count="0" type="stmt"/>
          <line num="109" count="0" type="cond" truecount="0" falsecount="3"/>
          <line num="111" count="0" type="cond" truecount="0" falsecount="4"/>
          <line num="112" count="0" type="cond" truecount="0" falsecount="2"/>
          <line num="115" count="0" type="cond" truecount="0" falsecount="2"/>
          <line num="116" count="0" type="stmt"/>
          <line num="117" count="0" type="cond" truecount="0" falsecount="4"/>
          <line num="121" count="0" type="stmt"/>
          <line num="124" count="0" type="stmt"/>
          <line num="125" count="0" type="stmt"/>
          <line num="126" count="0" type="cond" truecount="0" falsecount="4"/>
          <line num="127" count="0" type="stmt"/>
          <line num="128" count="0" type="cond" truecount="0" falsecount="2"/>
        </file>
        <file name="setupTests.js" path="/Users/maruf/Desktop/final/offline-forum/src/setupTests.js">
          <metrics statements="3" coveredstatements="3" conditionals="0" coveredconditionals="0" methods="0" coveredmethods="0"/>
          <line num="4" count="15" type="stmt"/>
          <line num="6" count="15" type="stmt"/>
          <line num="12" count="15" type="stmt"/>
        </file>
      </package>
      <package name="src.api">
        <metrics statements="31" coveredstatements="13" conditionals="11" coveredconditionals="3" methods="20" coveredmethods="7"/>
        <file name="index.js" path="/Users/maruf/Desktop/final/offline-forum/src/api/index.js">
          <metrics statements="31" coveredstatements="13" conditionals="11" coveredconditionals="3" methods="20" coveredmethods="7"/>
          <line num="7" count="0" type="stmt"/>
          <line num="20" count="0" type="stmt"/>
          <line num="33" count="10" type="stmt"/>
          <line num="34" count="10" type="cond" truecount="1" falsecount="1"/>
          <line num="42" count="0" type="stmt"/>
          <line num="43" count="0" type="stmt"/>
          <line num="47" count="0" type="stmt"/>
          <line num="48" count="0" type="stmt"/>
          <line num="49" count="0" type="stmt"/>
          <line num="56" count="8" type="stmt"/>
          <line num="57" count="8" type="cond" truecount="1" falsecount="1"/>
          <line num="66" count="0" type="stmt"/>
          <line num="76" count="0" type="stmt"/>
          <line num="77" count="0" type="stmt"/>
          <line num="81" count="8" type="stmt"/>
          <line num="85" count="0" type="stmt"/>
          <line num="86" count="0" type="stmt"/>
          <line num="87" count="0" type="stmt"/>
          <line num="91" count="9" type="stmt"/>
          <line num="92" count="9" type="cond" truecount="1" falsecount="1"/>
          <line num="96" count="0" type="stmt"/>
          <line num="97" count="0" type="cond" truecount="0" falsecount="2"/>
          <line num="101" count="0" type="stmt"/>
          <line num="102" count="0" type="stmt"/>
          <line num="106" count="4" type="stmt"/>
          <line num="109" count="7" type="stmt"/>
          <line num="125" count="2" type="stmt"/>
          <line num="126" count="2" type="stmt"/>
          <line num="127" count="2" type="stmt"/>
          <line num="128" count="2" type="stmt"/>
          <line num="129" count="0" type="stmt"/>
        </file>
      </package>
      <package name="src.components">
        <metrics statements="75" coveredstatements="56" conditionals="19" coveredconditionals="19" methods="30" coveredmethods="23"/>
        <file name="App.js" path="/Users/maruf/Desktop/final/offline-forum/src/components/App.js">
          <metrics statements="9" coveredstatements="7" conditionals="6" coveredconditionals="6" methods="5" coveredmethods="4"/>
          <line num="15" count="8" type="stmt"/>
          <line num="19" count="9" type="stmt"/>
          <line num="20" count="9" type="stmt"/>
          <line num="24" count="0" type="stmt"/>
          <line num="25" count="0" type="stmt"/>
          <line num="29" count="2" type="cond" truecount="2" falsecount="0"/>
          <line num="30" count="1" type="stmt"/>
          <line num="32" count="1" type="stmt"/>
          <line num="37" count="22" type="stmt"/>
        </file>
        <file name="AvatarSelector.js" path="/Users/maruf/Desktop/final/offline-forum/src/components/AvatarSelector.js">
          <metrics statements="10" coveredstatements="10" conditionals="6" coveredconditionals="6" methods="1" coveredmethods="1"/>
          <line num="7" count="3" type="stmt"/>
          <line num="8" count="14" type="stmt"/>
          <line num="9" count="14" type="cond" truecount="2" falsecount="0"/>
          <line num="10" count="1" type="stmt"/>
          <line num="12" count="14" type="cond" truecount="2" falsecount="0"/>
          <line num="13" count="1" type="stmt"/>
          <line num="15" count="14" type="cond" truecount="2" falsecount="0"/>
          <line num="16" count="1" type="stmt"/>
          <line num="18" count="14" type="stmt"/>
          <line num="28" count="3" type="stmt"/>
        </file>
        <file name="Button.js" path="/Users/maruf/Desktop/final/offline-forum/src/components/Button.js">
          <metrics statements="6" coveredstatements="6" conditionals="2" coveredconditionals="2" methods="1" coveredmethods="1"/>
          <line num="4" count="6" type="stmt"/>
          <line num="6" count="6" type="stmt"/>
          <line num="8" count="6" type="stmt"/>
          <line num="9" count="14" type="stmt"/>
          <line num="18" count="6" type="stmt"/>
          <line num="25" count="6" type="stmt"/>
        </file>
        <file name="Comments.js" path="/Users/maruf/Desktop/final/offline-forum/src/components/Comments.js">
          <metrics statements="10" coveredstatements="9" conditionals="1" coveredconditionals="1" methods="6" coveredmethods="5"/>
          <line num="13" count="6" type="stmt"/>
          <line num="17" count="8" type="stmt"/>
          <line num="18" count="8" type="stmt"/>
          <line num="19" count="8" type="stmt"/>
          <line num="23" count="1" type="stmt"/>
          <line num="24" count="1" type="stmt"/>
          <line num="28" count="14" type="stmt"/>
          <line num="29" count="0" type="stmt"/>
          <line num="37" count="14" type="stmt"/>
          <line num="51" count="4" type="stmt"/>
        </file>
        <file name="CreateNewComment.js" path="/Users/maruf/Desktop/final/offline-forum/src/components/CreateNewComment.js">
          <metrics statements="9" coveredstatements="3" conditionals="0" coveredconditionals="0" methods="3" coveredmethods="2"/>
          <line num="10" count="1" type="stmt"/>
          <line num="13" count="0" type="stmt"/>
          <line num="14" count="0" type="stmt"/>
          <line num="15" count="0" type="stmt"/>
          <line num="20" count="0" type="stmt"/>
          <line num="21" count="0" type="stmt"/>
          <line num="22" count="0" type="stmt"/>
          <line num="26" count="5" type="stmt"/>
          <line num="51" count="5" type="stmt"/>
        </file>
        <file name="CreateNewPost.js" path="/Users/maruf/Desktop/final/offline-forum/src/components/CreateNewPost.js">
          <metrics statements="11" coveredstatements="4" conditionals="0" coveredconditionals="0" methods="3" coveredmethods="2"/>
          <line num="11" count="2" type="stmt"/>
          <line num="13" count="0" type="stmt"/>
          <line num="14" count="0" type="stmt"/>
          <line num="15" count="0" type="stmt"/>
          <line num="16" count="0" type="stmt"/>
          <line num="17" count="0" type="stmt"/>
          <line num="18" count="0" type="stmt"/>
          <line num="19" count="0" type="stmt"/>
          <line num="23" count="18" type="stmt"/>
          <line num="24" count="18" type="stmt"/>
          <line num="36" count="3" type="stmt"/>
        </file>
        <file name="PersonaSwitcher.js" path="/Users/maruf/Desktop/final/offline-forum/src/components/PersonaSwitcher.js">
          <metrics statements="3" coveredstatements="3" conditionals="0" coveredconditionals="0" methods="1" coveredmethods="1"/>
          <line num="5" count="2" type="stmt"/>
          <line num="6" count="11" type="stmt"/>
          <line num="31" count="2" type="stmt"/>
        </file>
        <file name="Posts.js" path="/Users/maruf/Desktop/final/offline-forum/src/components/Posts.js">
          <metrics statements="9" coveredstatements="8" conditionals="0" coveredconditionals="0" methods="6" coveredmethods="5"/>
          <line num="13" count="8" type="stmt"/>
          <line num="17" count="10" type="stmt"/>
          <line num="18" count="10" type="stmt"/>
          <line num="22" count="1" type="stmt"/>
          <line num="23" count="1" type="stmt"/>
          <line num="27" count="19" type="stmt"/>
          <line num="28" count="0" type="stmt"/>
          <line num="37" count="19" type="stmt"/>
          <line num="49" count="2" type="stmt"/>
        </file>
        <file name="SingleComment.js" path="/Users/maruf/Desktop/final/offline-forum/src/components/SingleComment.js">
          <metrics statements="4" coveredstatements="3" conditionals="2" coveredconditionals="2" methods="2" coveredmethods="1"/>
          <line num="5" count="5" type="stmt"/>
          <line num="6" count="3" type="stmt"/>
          <line num="10" count="0" type="stmt"/>
          <line num="23" count="5" type="stmt"/>
        </file>
        <file name="SinglePost.js" path="/Users/maruf/Desktop/final/offline-forum/src/components/SinglePost.js">
          <metrics statements="4" coveredstatements="3" conditionals="2" coveredconditionals="2" methods="2" coveredmethods="1"/>
          <line num="7" count="3" type="stmt"/>
          <line num="8" count="3" type="stmt"/>
          <line num="13" count="0" type="stmt"/>
          <line num="28" count="3" type="stmt"/>
        </file>
      </package>
      <package name="src.components.Bot">
        <metrics statements="26" coveredstatements="21" conditionals="4" coveredconditionals="3" methods="13" coveredmethods="10"/>
        <file name="Bot.js" path="/Users/maruf/Desktop/final/offline-forum/src/components/Bot/Bot.js">
          <metrics statements="10" coveredstatements="9" conditionals="0" coveredconditionals="0" methods="6" coveredmethods="5"/>
          <line num="14" count="1" type="stmt"/>
          <line num="18" count="1" type="stmt"/>
          <line num="19" count="1" type="stmt"/>
          <line num="20" count="1" type="stmt"/>
          <line num="24" count="2" type="stmt"/>
          <line num="25" count="2" type="stmt"/>
          <line num="27" count="0" type="stmt"/>
          <line num="31" count="8" type="stmt"/>
          <line num="32" count="2" type="stmt"/>
          <line num="35" count="8" type="stmt"/>
        </file>
        <file name="Message.js" path="/Users/maruf/Desktop/final/offline-forum/src/components/Bot/Message.js">
          <metrics statements="4" coveredstatements="4" conditionals="2" coveredconditionals="2" methods="1" coveredmethods="1"/>
          <line num="4" count="3" type="stmt"/>
          <line num="6" count="3" type="stmt"/>
          <line num="7" count="3" type="stmt"/>
          <line num="16" count="3" type="stmt"/>
        </file>
        <file name="MessageForm.js" path="/Users/maruf/Desktop/final/offline-forum/src/components/Bot/MessageForm.js">
          <metrics statements="8" coveredstatements="4" conditionals="0" coveredconditionals="0" methods="5" coveredmethods="3"/>
          <line num="11" count="2" type="stmt"/>
          <line num="14" count="0" type="stmt"/>
          <line num="17" count="0" type="stmt"/>
          <line num="18" count="0" type="stmt"/>
          <line num="19" count="0" type="stmt"/>
          <line num="23" count="2" type="stmt"/>
          <line num="30" count="3" type="stmt"/>
          <line num="42" count="2" type="stmt"/>
        </file>
        <file name="TypingIndicator.js" path="/Users/maruf/Desktop/final/offline-forum/src/components/Bot/TypingIndicator.js">
          <metrics statements="4" coveredstatements="4" conditionals="2" coveredconditionals="1" methods="1" coveredmethods="1"/>
          <line num="5" count="2" type="stmt"/>
          <line num="6" count="2" type="cond" truecount="1" falsecount="1"/>
          <line num="15" count="2" type="stmt"/>
          <line num="19" count="2" type="stmt"/>
        </file>
      </package>
    </metrics>
  </project>
</coverage>
