{"/Users/maruf/Desktop/final/offline-forum/src/fakePosts.js": {"path":"/Users/maruf/Desktop/final/offline-forum/src/fakePosts.js","statementMap":{"0":{"start":{"line":1,"column":13},"end":{"line":1,"column":75}},"1":{"start":{"line":1,"column":75},"end":{"line":22,"column":43}}},"fnMap":{},"branchMap":{},"s":{"0":0,"1":0},"f":{},"b":{}}
,"/Users/maruf/Desktop/final/offline-forum/src/index.js": {"path":"/Users/maruf/Desktop/final/offline-forum/src/index.js","statementMap":{"0":{"start":{"line":1,"column":32},"end":{"line":1,"column":87}},"1":{"start":{"line":1,"column":101},"end":{"line":1,"column":117}},"2":{"start":{"line":1,"column":132},"end":{"line":1,"column":162}},"3":{"start":{"line":2,"column":16},"end":{"line":2,"column":36}},"4":{"start":{"line":2,"column":54},"end":{"line":2,"column":87}},"5":{"start":{"line":3,"column":29},"end":{"line":3,"column":63}},"6":{"start":{"line":3,"column":94},"end":{"line":3,"column":140}},"7":{"start":{"line":4,"column":17},"end":{"line":4,"column":39}},"8":{"start":{"line":4,"column":58},"end":{"line":4,"column":92}},"9":{"start":{"line":5,"column":11},"end":{"line":5,"column":38}},"10":{"start":{"line":5,"column":51},"end":{"line":5,"column":79}},"11":{"start":{"line":6,"column":0},"end":{"line":6,"column":23}},"12":{"start":{"line":6,"column":61},"end":{"line":6,"column":115}},"13":{"start":{"line":8,"column":28},"end":{"line":8,"column":57}},"14":{"start":{"line":9,"column":0},"end":{"line":11,"column":1}},"15":{"start":{"line":10,"column":2},"end":{"line":10,"column":74}},"16":{"start":{"line":13,"column":19},"end":{"line":13,"column":50}},"17":{"start":{"line":15,"column":0},"end":{"line":15,"column":161}},"18":{"start":{"line":17,"column":0},"end":{"line":17,"column":39}}},"fnMap":{"0":{"name":"_interopRequireDefault","decl":{"start":{"line":6,"column":32},"end":{"line":6,"column":54}},"loc":{"start":{"line":6,"column":60},"end":{"line":6,"column":116}},"line":6}},"branchMap":{"0":{"loc":{"start":{"line":6,"column":68},"end":{"line":6,"column":114}},"type":"cond-expr","locations":[{"start":{"line":6,"column":92},"end":{"line":6,"column":95}},{"start":{"line":6,"column":98},"end":{"line":6,"column":114}}],"line":6},"1":{"loc":{"start":{"line":6,"column":68},"end":{"line":6,"column":89}},"type":"binary-expr","locations":[{"start":{"line":6,"column":68},"end":{"line":6,"column":71}},{"start":{"line":6,"column":75},"end":{"line":6,"column":89}}],"line":6},"2":{"loc":{"start":{"line":9,"column":0},"end":{"line":11,"column":1}},"type":"if","locations":[{"start":{"line":9,"column":0},"end":{"line":11,"column":1}},{"start":{"line":9,"column":0},"end":{"line":11,"column":1}}],"line":9}},"s":{"0":0,"1":0,"2":0,"3":0,"4":0,"5":0,"6":0,"7":0,"8":0,"9":0,"10":0,"11":0,"12":0,"13":0,"14":0,"15":0,"16":0,"17":0,"18":0},"f":{"0":0},"b":{"0":[0,0],"1":[0,0],"2":[0,0]}}
,"/Users/maruf/Desktop/final/offline-forum/src/registerServiceWorker.js": {"path":"/Users/maruf/Desktop/final/offline-forum/src/registerServiceWorker.js","statementMap":{"0":{"start":{"line":1,"column":13},"end":{"line":1,"column":75}},"1":{"start":{"line":1,"column":75},"end":{"line":21,"column":9}},"2":{"start":{"line":21,"column":9},"end":{"line":102,"column":24}},"3":{"start":{"line":109,"column":20},"end":{"line":111,"column":89}},"4":{"start":{"line":111,"column":111},"end":{"line":117,"column":36}},"5":{"start":{"line":112,"column":22},"end":{"line":112,"column":70}},"6":{"start":{"line":112,"column":71},"end":{"line":115,"column":14}},"7":{"start":{"line":115,"column":6},"end":{"line":115,"column":13}},"8":{"start":{"line":115,"column":14},"end":{"line":117,"column":35}},"9":{"start":{"line":115,"column":67},"end":{"line":115,"column":112}},"10":{"start":{"line":115,"column":113},"end":{"line":117,"column":32}},"11":{"start":{"line":116,"column":8},"end":{"line":116,"column":39}},"12":{"start":{"line":117,"column":8},"end":{"line":117,"column":31}},"13":{"start":{"line":117,"column":70},"end":{"line":124,"column":156}},"14":{"start":{"line":117,"column":132},"end":{"line":124,"column":68}},"15":{"start":{"line":117,"column":193},"end":{"line":117,"column":216}},"16":{"start":{"line":117,"column":217},"end":{"line":124,"column":66}},"17":{"start":{"line":117,"column":257},"end":{"line":124,"column":64}},"18":{"start":{"line":117,"column":302},"end":{"line":124,"column":63}},"19":{"start":{"line":121,"column":12},"end":{"line":121,"column":69}},"20":{"start":{"line":124,"column":12},"end":{"line":124,"column":62}},"21":{"start":{"line":124,"column":87},"end":{"line":124,"column":153}},"22":{"start":{"line":125,"column":2},"end":{"line":128,"column":126}},"23":{"start":{"line":126,"column":4},"end":{"line":128,"column":30}},"24":{"start":{"line":127,"column":6},"end":{"line":127,"column":127}},"25":{"start":{"line":127,"column":58},"end":{"line":127,"column":124}},"26":{"start":{"line":127,"column":96},"end":{"line":127,"column":121}},"27":{"start":{"line":128,"column":6},"end":{"line":128,"column":29}},"28":{"start":{"line":128,"column":46},"end":{"line":128,"column":123}},"29":{"start":{"line":128,"column":150},"end":{"line":128,"column":267}},"30":{"start":{"line":128,"column":185},"end":{"line":128,"column":266}},"31":{"start":{"line":128,"column":237},"end":{"line":128,"column":263}}},"fnMap":{"0":{"name":"register","decl":{"start":{"line":111,"column":99},"end":{"line":111,"column":107}},"loc":{"start":{"line":111,"column":110},"end":{"line":117,"column":37}},"line":111},"1":{"name":"(anonymous_1)","decl":{"start":{"line":115,"column":46},"end":{"line":115,"column":47}},"loc":{"start":{"line":115,"column":52},"end":{"line":117,"column":33}},"line":115},"2":{"name":"registerValidSW","decl":{"start":{"line":117,"column":46},"end":{"line":117,"column":61}},"loc":{"start":{"line":117,"column":69},"end":{"line":124,"column":157}},"line":117},"3":{"name":"(anonymous_3)","decl":{"start":{"line":117,"column":115},"end":{"line":117,"column":116}},"loc":{"start":{"line":117,"column":131},"end":{"line":124,"column":69}},"line":117},"4":{"name":"(anonymous_4)","decl":{"start":{"line":117,"column":161},"end":{"line":117,"column":162}},"loc":{"start":{"line":117,"column":167},"end":{"line":124,"column":67}},"line":117},"5":{"name":"(anonymous_5)","decl":{"start":{"line":117,"column":250},"end":{"line":117,"column":251}},"loc":{"start":{"line":117,"column":256},"end":{"line":124,"column":65}},"line":117},"6":{"name":"(anonymous_6)","decl":{"start":{"line":124,"column":77},"end":{"line":124,"column":78}},"loc":{"start":{"line":124,"column":86},"end":{"line":124,"column":154}},"line":124},"7":{"name":"checkValidServiceWorker","decl":{"start":{"line":124,"column":166},"end":{"line":124,"column":189}},"loc":{"start":{"line":124,"column":197},"end":{"line":128,"column":127}},"line":124},"8":{"name":"(anonymous_8)","decl":{"start":{"line":125,"column":20},"end":{"line":125,"column":21}},"loc":{"start":{"line":125,"column":32},"end":{"line":128,"column":31}},"line":125},"9":{"name":"(anonymous_9)","decl":{"start":{"line":127,"column":41},"end":{"line":127,"column":42}},"loc":{"start":{"line":127,"column":57},"end":{"line":127,"column":125}},"line":127},"10":{"name":"(anonymous_10)","decl":{"start":{"line":127,"column":89},"end":{"line":127,"column":90}},"loc":{"start":{"line":127,"column":95},"end":{"line":127,"column":122}},"line":127},"11":{"name":"(anonymous_11)","decl":{"start":{"line":128,"column":39},"end":{"line":128,"column":40}},"loc":{"start":{"line":128,"column":45},"end":{"line":128,"column":124}},"line":128},"12":{"name":"unregister","decl":{"start":{"line":128,"column":136},"end":{"line":128,"column":146}},"loc":{"start":{"line":128,"column":149},"end":{"line":128,"column":268}},"line":128},"13":{"name":"(anonymous_13)","decl":{"start":{"line":128,"column":220},"end":{"line":128,"column":221}},"loc":{"start":{"line":128,"column":236},"end":{"line":128,"column":264}},"line":128}},"branchMap":{"0":{"loc":{"start":{"line":109,"column":28},"end":{"line":111,"column":88}},"type":"binary-expr","locations":[{"start":{"line":109,"column":28},"end":{"line":109,"column":68}},{"start":{"line":110,"column":0},"end":{"line":110,"column":36}},{"start":{"line":111,"column":0},"end":{"line":111,"column":88}}],"line":109},"1":{"loc":{"start":{"line":111,"column":111},"end":{"line":117,"column":36}},"type":"if","locations":[{"start":{"line":111,"column":111},"end":{"line":117,"column":36}},{"start":{"line":111,"column":111},"end":{"line":117,"column":36}}],"line":111},"2":{"loc":{"start":{"line":111,"column":115},"end":{"line":111,"column":184}},"type":"binary-expr","locations":[{"start":{"line":111,"column":115},"end":{"line":111,"column":152}},{"start":{"line":111,"column":156},"end":{"line":111,"column":184}}],"line":111},"3":{"loc":{"start":{"line":112,"column":71},"end":{"line":115,"column":14}},"type":"if","locations":[{"start":{"line":112,"column":71},"end":{"line":115,"column":14}},{"start":{"line":112,"column":71},"end":{"line":115,"column":14}}],"line":112},"4":{"loc":{"start":{"line":115,"column":113},"end":{"line":117,"column":32}},"type":"if","locations":[{"start":{"line":115,"column":113},"end":{"line":117,"column":32}},{"start":{"line":115,"column":113},"end":{"line":117,"column":32}}],"line":115},"5":{"loc":{"start":{"line":117,"column":257},"end":{"line":124,"column":64}},"type":"if","locations":[{"start":{"line":117,"column":257},"end":{"line":124,"column":64}},{"start":{"line":117,"column":257},"end":{"line":124,"column":64}}],"line":117},"6":{"loc":{"start":{"line":117,"column":302},"end":{"line":124,"column":63}},"type":"if","locations":[{"start":{"line":117,"column":302},"end":{"line":124,"column":63}},{"start":{"line":117,"column":302},"end":{"line":124,"column":63}}],"line":117},"7":{"loc":{"start":{"line":126,"column":4},"end":{"line":128,"column":30}},"type":"if","locations":[{"start":{"line":126,"column":4},"end":{"line":128,"column":30}},{"start":{"line":126,"column":4},"end":{"line":128,"column":30}}],"line":126},"8":{"loc":{"start":{"line":126,"column":8},"end":{"line":126,"column":100}},"type":"binary-expr","locations":[{"start":{"line":126,"column":8},"end":{"line":126,"column":31}},{"start":{"line":126,"column":35},"end":{"line":126,"column":100}}],"line":126},"9":{"loc":{"start":{"line":128,"column":150},"end":{"line":128,"column":267}},"type":"if","locations":[{"start":{"line":128,"column":150},"end":{"line":128,"column":267}},{"start":{"line":128,"column":150},"end":{"line":128,"column":267}}],"line":128}},"s":{"0":0,"1":0,"2":0,"3":0,"4":0,"5":0,"6":0,"7":0,"8":0,"9":0,"10":0,"11":0,"12":0,"13":0,"14":0,"15":0,"16":0,"17":0,"18":0,"19":0,"20":0,"21":0,"22":0,"23":0,"24":0,"25":0,"26":0,"27":0,"28":0,"29":0,"30":0,"31":0},"f":{"0":0,"1":0,"2":0,"3":0,"4":0,"5":0,"6":0,"7":0,"8":0,"9":0,"10":0,"11":0,"12":0,"13":0},"b":{"0":[0,0,0],"1":[0,0],"2":[0,0],"3":[0,0],"4":[0,0],"5":[0,0],"6":[0,0],"7":[0,0],"8":[0,0],"9":[0,0]}}
,"/Users/maruf/Desktop/final/offline-forum/src/setupTests.js": {"path":"/Users/maruf/Desktop/final/offline-forum/src/setupTests.js","statementMap":{"0":{"start":{"line":4,"column":0},"end":{"line":4,"column":38}},"1":{"start":{"line":6,"column":25},"end":{"line":10,"column":1}},"2":{"start":{"line":12,"column":0},"end":{"line":12,"column":39}}},"fnMap":{},"branchMap":{},"s":{"0":15,"1":15,"2":15},"f":{},"b":{},"_coverageSchema":"332fd63041d2c1bcb487cc26dd0d5f7d97098a6c","hash":"2bbbfbefabde48d11fba5cfee10bc5ee4893e92d"}
,"/Users/maruf/Desktop/final/offline-forum/src/api/index.js": {"path":"/Users/maruf/Desktop/final/offline-forum/src/api/index.js","statementMap":{"0":{"start":{"line":7,"column":2},"end":{"line":9,"column":20}},"1":{"start":{"line":20,"column":2},"end":{"line":26,"column":3}},"2":{"start":{"line":33,"column":16},"end":{"line":33,"column":45}},"3":{"start":{"line":34,"column":2},"end":{"line":34,"column":40}},"4":{"start":{"line":42,"column":28},"end":{"line":42,"column":50}},"5":{"start":{"line":43,"column":2},"end":{"line":43,"column":51}},"6":{"start":{"line":47,"column":16},"end":{"line":47,"column":31}},"7":{"start":{"line":48,"column":24},"end":{"line":48,"column":64}},"8":{"start":{"line":48,"column":45},"end":{"line":48,"column":63}},"9":{"start":{"line":49,"column":2},"end":{"line":49,"column":33}},"10":{"start":{"line":56,"column":19},"end":{"line":56,"column":51}},"11":{"start":{"line":57,"column":2},"end":{"line":57,"column":46}},"12":{"start":{"line":66,"column":2},"end":{"line":72,"column":3}},"13":{"start":{"line":76,"column":28},"end":{"line":76,"column":50}},"14":{"start":{"line":77,"column":2},"end":{"line":77,"column":61}},"15":{"start":{"line":81,"column":2},"end":{"line":81,"column":59}},"16":{"start":{"line":81,"column":36},"end":{"line":81,"column":57}},"17":{"start":{"line":85,"column":19},"end":{"line":85,"column":34}},"18":{"start":{"line":86,"column":27},"end":{"line":86,"column":79}},"19":{"start":{"line":86,"column":54},"end":{"line":86,"column":78}},"20":{"start":{"line":87,"column":2},"end":{"line":87,"column":39}},"21":{"start":{"line":91,"column":25},"end":{"line":91,"column":63}},"22":{"start":{"line":92,"column":2},"end":{"line":92,"column":58}},"23":{"start":{"line":96,"column":19},"end":{"line":96,"column":51}},"24":{"start":{"line":97,"column":2},"end":{"line":97,"column":46}},"25":{"start":{"line":101,"column":29},"end":{"line":101,"column":52}},"26":{"start":{"line":102,"column":2},"end":{"line":102,"column":68}},"27":{"start":{"line":106,"column":2},"end":{"line":106,"column":59}},"28":{"start":{"line":109,"column":18},"end":{"line":122,"column":1}},"29":{"start":{"line":125,"column":20},"end":{"line":125,"column":49}},"30":{"start":{"line":126,"column":28},"end":{"line":126,"column":70}},"31":{"start":{"line":127,"column":2},"end":{"line":131,"column":5}},"32":{"start":{"line":128,"column":4},"end":{"line":130,"column":18}},"33":{"start":{"line":129,"column":6},"end":{"line":129,"column":67}}},"fnMap":{"0":{"name":"generateID","decl":{"start":{"line":6,"column":16},"end":{"line":6,"column":26}},"loc":{"start":{"line":6,"column":28},"end":{"line":10,"column":1}},"line":6},"1":{"name":"createPostObject","decl":{"start":{"line":19,"column":16},"end":{"line":19,"column":32}},"loc":{"start":{"line":19,"column":66},"end":{"line":27,"column":1}},"line":19},"2":{"name":"fetchAllPosts","decl":{"start":{"line":32,"column":16},"end":{"line":32,"column":29}},"loc":{"start":{"line":32,"column":31},"end":{"line":35,"column":1}},"line":32},"3":{"name":"storePostObject","decl":{"start":{"line":41,"column":16},"end":{"line":41,"column":31}},"loc":{"start":{"line":41,"column":40},"end":{"line":44,"column":1}},"line":41},"4":{"name":"removePost","decl":{"start":{"line":46,"column":16},"end":{"line":46,"column":26}},"loc":{"start":{"line":46,"column":35},"end":{"line":50,"column":1}},"line":46},"5":{"name":"(anonymous_5)","decl":{"start":{"line":48,"column":37},"end":{"line":48,"column":38}},"loc":{"start":{"line":48,"column":45},"end":{"line":48,"column":63}},"line":48},"6":{"name":"fetchAllCommments","decl":{"start":{"line":55,"column":16},"end":{"line":55,"column":33}},"loc":{"start":{"line":55,"column":36},"end":{"line":58,"column":1}},"line":55},"7":{"name":"createCommentObject","decl":{"start":{"line":65,"column":16},"end":{"line":65,"column":35}},"loc":{"start":{"line":65,"column":65},"end":{"line":73,"column":1}},"line":65},"8":{"name":"storeCommentObject","decl":{"start":{"line":75,"column":16},"end":{"line":75,"column":34}},"loc":{"start":{"line":75,"column":43},"end":{"line":78,"column":1}},"line":75},"9":{"name":"filterComments","decl":{"start":{"line":80,"column":16},"end":{"line":80,"column":30}},"loc":{"start":{"line":80,"column":44},"end":{"line":82,"column":1}},"line":80},"10":{"name":"(anonymous_10)","decl":{"start":{"line":81,"column":25},"end":{"line":81,"column":26}},"loc":{"start":{"line":81,"column":36},"end":{"line":81,"column":57}},"line":81},"11":{"name":"removeComment","decl":{"start":{"line":84,"column":16},"end":{"line":84,"column":29}},"loc":{"start":{"line":84,"column":41},"end":{"line":88,"column":1}},"line":84},"12":{"name":"(anonymous_12)","decl":{"start":{"line":86,"column":43},"end":{"line":86,"column":44}},"loc":{"start":{"line":86,"column":54},"end":{"line":86,"column":78}},"line":86},"13":{"name":"fetchCurrentPersona","decl":{"start":{"line":90,"column":16},"end":{"line":90,"column":35}},"loc":{"start":{"line":90,"column":38},"end":{"line":93,"column":1}},"line":90},"14":{"name":"fetchPersonas","decl":{"start":{"line":95,"column":16},"end":{"line":95,"column":29}},"loc":{"start":{"line":95,"column":31},"end":{"line":98,"column":1}},"line":95},"15":{"name":"storeCurrentPersona","decl":{"start":{"line":100,"column":16},"end":{"line":100,"column":35}},"loc":{"start":{"line":100,"column":45},"end":{"line":103,"column":1}},"line":100},"16":{"name":"generateRandomInt","decl":{"start":{"line":105,"column":9},"end":{"line":105,"column":26}},"loc":{"start":{"line":105,"column":37},"end":{"line":107,"column":1}},"line":105},"17":{"name":"botReply","decl":{"start":{"line":124,"column":16},"end":{"line":124,"column":24}},"loc":{"start":{"line":124,"column":27},"end":{"line":132,"column":1}},"line":124},"18":{"name":"(anonymous_18)","decl":{"start":{"line":127,"column":21},"end":{"line":127,"column":22}},"loc":{"start":{"line":127,"column":32},"end":{"line":131,"column":3}},"line":127},"19":{"name":"(anonymous_19)","decl":{"start":{"line":128,"column":15},"end":{"line":128,"column":16}},"loc":{"start":{"line":128,"column":21},"end":{"line":130,"column":5}},"line":128}},"branchMap":{"0":{"loc":{"start":{"line":19,"column":33},"end":{"line":19,"column":43}},"type":"default-arg","locations":[{"start":{"line":19,"column":41},"end":{"line":19,"column":43}}],"line":19},"1":{"loc":{"start":{"line":19,"column":45},"end":{"line":19,"column":57}},"type":"default-arg","locations":[{"start":{"line":19,"column":55},"end":{"line":19,"column":57}}],"line":19},"2":{"loc":{"start":{"line":34,"column":9},"end":{"line":34,"column":39}},"type":"cond-expr","locations":[{"start":{"line":34,"column":17},"end":{"line":34,"column":34}},{"start":{"line":34,"column":37},"end":{"line":34,"column":39}}],"line":34},"3":{"loc":{"start":{"line":57,"column":9},"end":{"line":57,"column":45}},"type":"cond-expr","locations":[{"start":{"line":57,"column":20},"end":{"line":57,"column":40}},{"start":{"line":57,"column":43},"end":{"line":57,"column":45}}],"line":57},"4":{"loc":{"start":{"line":65,"column":36},"end":{"line":65,"column":48}},"type":"default-arg","locations":[{"start":{"line":65,"column":46},"end":{"line":65,"column":48}}],"line":65},"5":{"loc":{"start":{"line":92,"column":9},"end":{"line":92,"column":57}},"type":"cond-expr","locations":[{"start":{"line":92,"column":26},"end":{"line":92,"column":52}},{"start":{"line":92,"column":55},"end":{"line":92,"column":57}}],"line":92},"6":{"loc":{"start":{"line":97,"column":9},"end":{"line":97,"column":45}},"type":"cond-expr","locations":[{"start":{"line":97,"column":20},"end":{"line":97,"column":40}},{"start":{"line":97,"column":43},"end":{"line":97,"column":45}}],"line":97}},"s":{"0":0,"1":0,"2":10,"3":10,"4":0,"5":0,"6":0,"7":0,"8":0,"9":0,"10":8,"11":8,"12":0,"13":0,"14":0,"15":8,"16":0,"17":0,"18":0,"19":0,"20":0,"21":9,"22":9,"23":0,"24":0,"25":0,"26":0,"27":4,"28":7,"29":2,"30":2,"31":2,"32":2,"33":0},"f":{"0":0,"1":0,"2":10,"3":0,"4":0,"5":0,"6":8,"7":0,"8":0,"9":8,"10":0,"11":0,"12":0,"13":9,"14":0,"15":0,"16":4,"17":2,"18":2,"19":0},"b":{"0":[0],"1":[0],"2":[0,10],"3":[0,8],"4":[0],"5":[0,9],"6":[0,0]},"_coverageSchema":"332fd63041d2c1bcb487cc26dd0d5f7d97098a6c","hash":"63285004e3562f6d7ce0442b62267de88c99bfef"}
,"/Users/maruf/Desktop/final/offline-forum/src/components/App.js": {"path":"/Users/maruf/Desktop/final/offline-forum/src/components/App.js","statementMap":{"0":{"start":{"line":15,"column":4},"end":{"line":15,"column":31}},"1":{"start":{"line":19,"column":27},"end":{"line":19,"column":52}},"2":{"start":{"line":20,"column":4},"end":{"line":20,"column":38}},"3":{"start":{"line":24,"column":4},"end":{"line":24,"column":52}},"4":{"start":{"line":25,"column":4},"end":{"line":25,"column":42}},"5":{"start":{"line":29,"column":4},"end":{"line":33,"column":5}},"6":{"start":{"line":30,"column":6},"end":{"line":30,"column":44}},"7":{"start":{"line":32,"column":6},"end":{"line":32,"column":45}},"8":{"start":{"line":37,"column":4},"end":{"line":57,"column":6}}},"fnMap":{"0":{"name":"(anonymous_0)","decl":{"start":{"line":14,"column":2},"end":{"line":14,"column":3}},"loc":{"start":{"line":14,"column":22},"end":{"line":16,"column":3}},"line":14},"1":{"name":"(anonymous_1)","decl":{"start":{"line":18,"column":24},"end":{"line":18,"column":25}},"loc":{"start":{"line":18,"column":30},"end":{"line":21,"column":3}},"line":18},"2":{"name":"(anonymous_2)","decl":{"start":{"line":23,"column":18},"end":{"line":23,"column":19}},"loc":{"start":{"line":23,"column":34},"end":{"line":26,"column":3}},"line":23},"3":{"name":"(anonymous_3)","decl":{"start":{"line":28,"column":15},"end":{"line":28,"column":16}},"loc":{"start":{"line":28,"column":21},"end":{"line":34,"column":3}},"line":28},"4":{"name":"(anonymous_4)","decl":{"start":{"line":36,"column":2},"end":{"line":36,"column":3}},"loc":{"start":{"line":36,"column":11},"end":{"line":58,"column":3}},"line":36}},"branchMap":{"0":{"loc":{"start":{"line":29,"column":4},"end":{"line":33,"column":5}},"type":"if","locations":[{"start":{"line":29,"column":4},"end":{"line":33,"column":5}},{"start":{"line":29,"column":4},"end":{"line":33,"column":5}}],"line":29},"1":{"loc":{"start":{"line":43,"column":11},"end":{"line":45,"column":31}},"type":"cond-expr","locations":[{"start":{"line":44,"column":14},"end":{"line":44,"column":36}},{"start":{"line":45,"column":14},"end":{"line":45,"column":31}}],"line":43},"2":{"loc":{"start":{"line":51,"column":9},"end":{"line":55,"column":9}},"type":"cond-expr","locations":[{"start":{"line":52,"column":10},"end":{"line":52,"column":62}},{"start":{"line":54,"column":10},"end":{"line":54,"column":17}}],"line":51}},"s":{"0":8,"1":9,"2":9,"3":0,"4":0,"5":2,"6":1,"7":1,"8":22},"f":{"0":8,"1":9,"2":0,"3":2,"4":22},"b":{"0":[1,1],"1":[20,2],"2":[20,2]},"_coverageSchema":"332fd63041d2c1bcb487cc26dd0d5f7d97098a6c","hash":"d1ec5e59e1c9e8d53c0d07cf8fed0be597504fc0"}
,"/Users/maruf/Desktop/final/offline-forum/src/components/AvatarSelector.js": {"path":"/Users/maruf/Desktop/final/offline-forum/src/components/AvatarSelector.js","statementMap":{"0":{"start":{"line":7,"column":23},"end":{"line":26,"column":1}},"1":{"start":{"line":8,"column":12},"end":{"line":8,"column":15}},"2":{"start":{"line":9,"column":2},"end":{"line":11,"column":3}},"3":{"start":{"line":10,"column":4},"end":{"line":10,"column":14}},"4":{"start":{"line":12,"column":2},"end":{"line":14,"column":3}},"5":{"start":{"line":13,"column":4},"end":{"line":13,"column":20}},"6":{"start":{"line":15,"column":2},"end":{"line":17,"column":3}},"7":{"start":{"line":16,"column":4},"end":{"line":16,"column":18}},"8":{"start":{"line":18,"column":2},"end":{"line":25,"column":4}},"9":{"start":{"line":28,"column":0},"end":{"line":30,"column":2}}},"fnMap":{"0":{"name":"(anonymous_0)","decl":{"start":{"line":7,"column":23},"end":{"line":7,"column":24}},"loc":{"start":{"line":7,"column":47},"end":{"line":26,"column":1}},"line":7}},"branchMap":{"0":{"loc":{"start":{"line":9,"column":2},"end":{"line":11,"column":3}},"type":"if","locations":[{"start":{"line":9,"column":2},"end":{"line":11,"column":3}},{"start":{"line":9,"column":2},"end":{"line":11,"column":3}}],"line":9},"1":{"loc":{"start":{"line":12,"column":2},"end":{"line":14,"column":3}},"type":"if","locations":[{"start":{"line":12,"column":2},"end":{"line":14,"column":3}},{"start":{"line":12,"column":2},"end":{"line":14,"column":3}}],"line":12},"2":{"loc":{"start":{"line":15,"column":2},"end":{"line":17,"column":3}},"type":"if","locations":[{"start":{"line":15,"column":2},"end":{"line":17,"column":3}},{"start":{"line":15,"column":2},"end":{"line":17,"column":3}}],"line":15}},"s":{"0":3,"1":14,"2":14,"3":1,"4":14,"5":1,"6":14,"7":1,"8":14,"9":3},"f":{"0":14},"b":{"0":[1,13],"1":[1,13],"2":[1,13]},"_coverageSchema":"332fd63041d2c1bcb487cc26dd0d5f7d97098a6c","hash":"c8264b9cd9ad7e5a6a2ef9185fe5554c068da8ae"}
,"/Users/maruf/Desktop/final/offline-forum/src/components/Button.js": {"path":"/Users/maruf/Desktop/final/offline-forum/src/components/Button.js","statementMap":{"0":{"start":{"line":4,"column":21},"end":{"line":4,"column":104}},"1":{"start":{"line":6,"column":20},"end":{"line":6,"column":97}},"2":{"start":{"line":8,"column":15},"end":{"line":16,"column":1}},"3":{"start":{"line":9,"column":2},"end":{"line":15,"column":11}},"4":{"start":{"line":18,"column":0},"end":{"line":23,"column":1}},"5":{"start":{"line":25,"column":0},"end":{"line":28,"column":1}}},"fnMap":{"0":{"name":"(anonymous_0)","decl":{"start":{"line":8,"column":15},"end":{"line":8,"column":16}},"loc":{"start":{"line":9,"column":2},"end":{"line":15,"column":11}},"line":9}},"branchMap":{"0":{"loc":{"start":{"line":10,"column":18},"end":{"line":10,"column":53}},"type":"cond-expr","locations":[{"start":{"line":10,"column":27},"end":{"line":10,"column":38}},{"start":{"line":10,"column":41},"end":{"line":10,"column":53}}],"line":10}},"s":{"0":6,"1":6,"2":6,"3":14,"4":6,"5":6},"f":{"0":14},"b":{"0":[1,13]},"_coverageSchema":"332fd63041d2c1bcb487cc26dd0d5f7d97098a6c","hash":"1f6709c7754373a913b49ac58dcdc5a364791533"}
,"/Users/maruf/Desktop/final/offline-forum/src/components/Comments.js": {"path":"/Users/maruf/Desktop/final/offline-forum/src/components/Comments.js","statementMap":{"0":{"start":{"line":13,"column":4},"end":{"line":13,"column":39}},"1":{"start":{"line":17,"column":28},"end":{"line":17,"column":51}},"2":{"start":{"line":18,"column":21},"end":{"line":18,"column":64}},"3":{"start":{"line":19,"column":4},"end":{"line":19,"column":32}},"4":{"start":{"line":23,"column":4},"end":{"line":23,"column":33}},"5":{"start":{"line":24,"column":4},"end":{"line":24,"column":39}},"6":{"start":{"line":28,"column":4},"end":{"line":34,"column":6}},"7":{"start":{"line":29,"column":6},"end":{"line":33,"column":8}},"8":{"start":{"line":37,"column":4},"end":{"line":47,"column":6}},"9":{"start":{"line":51,"column":0},"end":{"line":54,"column":2}}},"fnMap":{"0":{"name":"(anonymous_0)","decl":{"start":{"line":12,"column":2},"end":{"line":12,"column":3}},"loc":{"start":{"line":12,"column":22},"end":{"line":14,"column":3}},"line":12},"1":{"name":"(anonymous_1)","decl":{"start":{"line":16,"column":32},"end":{"line":16,"column":33}},"loc":{"start":{"line":16,"column":64},"end":{"line":20,"column":3}},"line":16},"2":{"name":"(anonymous_2)","decl":{"start":{"line":22,"column":18},"end":{"line":22,"column":19}},"loc":{"start":{"line":22,"column":31},"end":{"line":25,"column":3}},"line":22},"3":{"name":"(anonymous_3)","decl":{"start":{"line":27,"column":22},"end":{"line":27,"column":23}},"loc":{"start":{"line":28,"column":4},"end":{"line":34,"column":6}},"line":28},"4":{"name":"(anonymous_4)","decl":{"start":{"line":28,"column":17},"end":{"line":28,"column":18}},"loc":{"start":{"line":29,"column":6},"end":{"line":33,"column":8}},"line":29},"5":{"name":"(anonymous_5)","decl":{"start":{"line":36,"column":2},"end":{"line":36,"column":3}},"loc":{"start":{"line":36,"column":11},"end":{"line":48,"column":3}},"line":36}},"branchMap":{"0":{"loc":{"start":{"line":16,"column":33},"end":{"line":16,"column":59}},"type":"default-arg","locations":[{"start":{"line":16,"column":42},"end":{"line":16,"column":59}}],"line":16}},"s":{"0":6,"1":8,"2":8,"3":8,"4":1,"5":1,"6":14,"7":0,"8":14,"9":4},"f":{"0":6,"1":8,"2":1,"3":14,"4":0,"5":14},"b":{"0":[8]},"_coverageSchema":"332fd63041d2c1bcb487cc26dd0d5f7d97098a6c","hash":"b495b54e689a1a71206be353588307c46f8b64c7"}
,"/Users/maruf/Desktop/final/offline-forum/src/components/CreateNewComment.js": {"path":"/Users/maruf/Desktop/final/offline-forum/src/components/CreateNewComment.js","statementMap":{"0":{"start":{"line":10,"column":18},"end":{"line":10,"column":68}},"1":{"start":{"line":13,"column":4},"end":{"line":13,"column":23}},"2":{"start":{"line":14,"column":28},"end":{"line":14,"column":51}},"3":{"start":{"line":15,"column":23},"end":{"line":19,"column":5}},"4":{"start":{"line":20,"column":4},"end":{"line":20,"column":61}},"5":{"start":{"line":21,"column":4},"end":{"line":21,"column":49}},"6":{"start":{"line":22,"column":4},"end":{"line":22,"column":35}},"7":{"start":{"line":26,"column":4},"end":{"line":47,"column":6}},"8":{"start":{"line":51,"column":0},"end":{"line":55,"column":1}}},"fnMap":{"0":{"name":"(anonymous_0)","decl":{"start":{"line":10,"column":13},"end":{"line":10,"column":14}},"loc":{"start":{"line":10,"column":18},"end":{"line":10,"column":68}},"line":10},"1":{"name":"(anonymous_1)","decl":{"start":{"line":12,"column":13},"end":{"line":12,"column":14}},"loc":{"start":{"line":12,"column":18},"end":{"line":23,"column":3}},"line":12},"2":{"name":"(anonymous_2)","decl":{"start":{"line":25,"column":2},"end":{"line":25,"column":3}},"loc":{"start":{"line":25,"column":11},"end":{"line":48,"column":3}},"line":25}},"branchMap":{},"s":{"0":1,"1":0,"2":0,"3":0,"4":0,"5":0,"6":0,"7":5,"8":5},"f":{"0":1,"1":0,"2":5},"b":{},"_coverageSchema":"332fd63041d2c1bcb487cc26dd0d5f7d97098a6c","hash":"8211ffb7f20f2dcc13c0e917288d873652dc51f4"}
,"/Users/maruf/Desktop/final/offline-forum/src/components/CreateNewPost.js": {"path":"/Users/maruf/Desktop/final/offline-forum/src/components/CreateNewPost.js","statementMap":{"0":{"start":{"line":11,"column":18},"end":{"line":11,"column":68}},"1":{"start":{"line":13,"column":4},"end":{"line":13,"column":23}},"2":{"start":{"line":14,"column":31},"end":{"line":14,"column":41}},"3":{"start":{"line":15,"column":20},"end":{"line":15,"column":75}},"4":{"start":{"line":16,"column":25},"end":{"line":16,"column":44}},"5":{"start":{"line":17,"column":4},"end":{"line":17,"column":52}},"6":{"start":{"line":18,"column":4},"end":{"line":18,"column":29}},"7":{"start":{"line":19,"column":4},"end":{"line":19,"column":45}},"8":{"start":{"line":23,"column":30},"end":{"line":23,"column":40}},"9":{"start":{"line":24,"column":4},"end":{"line":32,"column":6}},"10":{"start":{"line":36,"column":0},"end":{"line":39,"column":1}}},"fnMap":{"0":{"name":"(anonymous_0)","decl":{"start":{"line":11,"column":13},"end":{"line":11,"column":14}},"loc":{"start":{"line":11,"column":18},"end":{"line":11,"column":68}},"line":11},"1":{"name":"(anonymous_1)","decl":{"start":{"line":12,"column":13},"end":{"line":12,"column":14}},"loc":{"start":{"line":12,"column":18},"end":{"line":20,"column":3}},"line":12},"2":{"name":"(anonymous_2)","decl":{"start":{"line":22,"column":2},"end":{"line":22,"column":3}},"loc":{"start":{"line":22,"column":11},"end":{"line":33,"column":3}},"line":22}},"branchMap":{},"s":{"0":2,"1":0,"2":0,"3":0,"4":0,"5":0,"6":0,"7":0,"8":18,"9":18,"10":3},"f":{"0":2,"1":0,"2":18},"b":{},"_coverageSchema":"332fd63041d2c1bcb487cc26dd0d5f7d97098a6c","hash":"a74ec25d8d9a2163a20ac7df57a7b9fb83bce1d2"}
,"/Users/maruf/Desktop/final/offline-forum/src/components/PersonaSwitcher.js": {"path":"/Users/maruf/Desktop/final/offline-forum/src/components/PersonaSwitcher.js","statementMap":{"0":{"start":{"line":5,"column":24},"end":{"line":29,"column":1}},"1":{"start":{"line":6,"column":2},"end":{"line":28,"column":8}},"2":{"start":{"line":31,"column":0},"end":{"line":34,"column":2}}},"fnMap":{"0":{"name":"(anonymous_0)","decl":{"start":{"line":5,"column":24},"end":{"line":5,"column":25}},"loc":{"start":{"line":6,"column":2},"end":{"line":28,"column":8}},"line":6}},"branchMap":{},"s":{"0":2,"1":11,"2":2},"f":{"0":11},"b":{},"_coverageSchema":"332fd63041d2c1bcb487cc26dd0d5f7d97098a6c","hash":"16294ca9bf54528ee68eb8e3fa11b7af8080aa5f"}
,"/Users/maruf/Desktop/final/offline-forum/src/components/Posts.js": {"path":"/Users/maruf/Desktop/final/offline-forum/src/components/Posts.js","statementMap":{"0":{"start":{"line":13,"column":4},"end":{"line":13,"column":35}},"1":{"start":{"line":17,"column":18},"end":{"line":17,"column":37}},"2":{"start":{"line":18,"column":4},"end":{"line":18,"column":29}},"3":{"start":{"line":22,"column":4},"end":{"line":22,"column":27}},"4":{"start":{"line":23,"column":4},"end":{"line":23,"column":35}},"5":{"start":{"line":27,"column":4},"end":{"line":34,"column":6}},"6":{"start":{"line":28,"column":6},"end":{"line":33,"column":8}},"7":{"start":{"line":37,"column":4},"end":{"line":45,"column":6}},"8":{"start":{"line":49,"column":0},"end":{"line":51,"column":2}}},"fnMap":{"0":{"name":"(anonymous_0)","decl":{"start":{"line":12,"column":2},"end":{"line":12,"column":3}},"loc":{"start":{"line":12,"column":22},"end":{"line":14,"column":3}},"line":12},"1":{"name":"(anonymous_1)","decl":{"start":{"line":16,"column":28},"end":{"line":16,"column":29}},"loc":{"start":{"line":16,"column":34},"end":{"line":19,"column":3}},"line":16},"2":{"name":"(anonymous_2)","decl":{"start":{"line":21,"column":15},"end":{"line":21,"column":16}},"loc":{"start":{"line":21,"column":27},"end":{"line":24,"column":3}},"line":21},"3":{"name":"(anonymous_3)","decl":{"start":{"line":26,"column":19},"end":{"line":26,"column":20}},"loc":{"start":{"line":27,"column":4},"end":{"line":34,"column":6}},"line":27},"4":{"name":"(anonymous_4)","decl":{"start":{"line":27,"column":14},"end":{"line":27,"column":15}},"loc":{"start":{"line":28,"column":6},"end":{"line":33,"column":8}},"line":28},"5":{"name":"(anonymous_5)","decl":{"start":{"line":36,"column":2},"end":{"line":36,"column":3}},"loc":{"start":{"line":36,"column":11},"end":{"line":46,"column":3}},"line":36}},"branchMap":{},"s":{"0":8,"1":10,"2":10,"3":1,"4":1,"5":19,"6":0,"7":19,"8":2},"f":{"0":8,"1":10,"2":1,"3":19,"4":0,"5":19},"b":{},"_coverageSchema":"332fd63041d2c1bcb487cc26dd0d5f7d97098a6c","hash":"108716623abf35f76208facc01b813727b09c8e2"}
,"/Users/maruf/Desktop/final/offline-forum/src/components/SingleComment.js": {"path":"/Users/maruf/Desktop/final/offline-forum/src/components/SingleComment.js","statementMap":{"0":{"start":{"line":5,"column":22},"end":{"line":21,"column":1}},"1":{"start":{"line":6,"column":2},"end":{"line":20,"column":8}},"2":{"start":{"line":10,"column":23},"end":{"line":10,"column":34}},"3":{"start":{"line":23,"column":0},"end":{"line":30,"column":1}}},"fnMap":{"0":{"name":"(anonymous_0)","decl":{"start":{"line":5,"column":22},"end":{"line":5,"column":23}},"loc":{"start":{"line":6,"column":2},"end":{"line":20,"column":8}},"line":6},"1":{"name":"(anonymous_1)","decl":{"start":{"line":10,"column":17},"end":{"line":10,"column":18}},"loc":{"start":{"line":10,"column":23},"end":{"line":10,"column":34}},"line":10}},"branchMap":{"0":{"loc":{"start":{"line":7,"column":5},"end":{"line":15,"column":5}},"type":"binary-expr","locations":[{"start":{"line":7,"column":5},"end":{"line":7,"column":30}},{"start":{"line":8,"column":6},"end":{"line":14,"column":15}}],"line":7}},"s":{"0":5,"1":3,"2":0,"3":5},"f":{"0":3,"1":0},"b":{"0":[3,3]},"_coverageSchema":"332fd63041d2c1bcb487cc26dd0d5f7d97098a6c","hash":"509120f2c3c3c189d7c6209350ddf83b02ce2a5f"}
,"/Users/maruf/Desktop/final/offline-forum/src/components/SinglePost.js": {"path":"/Users/maruf/Desktop/final/offline-forum/src/components/SinglePost.js","statementMap":{"0":{"start":{"line":7,"column":19},"end":{"line":26,"column":1}},"1":{"start":{"line":8,"column":2},"end":{"line":25,"column":8}},"2":{"start":{"line":13,"column":25},"end":{"line":13,"column":36}},"3":{"start":{"line":28,"column":0},"end":{"line":36,"column":1}}},"fnMap":{"0":{"name":"(anonymous_0)","decl":{"start":{"line":7,"column":19},"end":{"line":7,"column":20}},"loc":{"start":{"line":8,"column":2},"end":{"line":25,"column":8}},"line":8},"1":{"name":"(anonymous_1)","decl":{"start":{"line":13,"column":19},"end":{"line":13,"column":20}},"loc":{"start":{"line":13,"column":25},"end":{"line":13,"column":36}},"line":13}},"branchMap":{"0":{"loc":{"start":{"line":10,"column":8},"end":{"line":17,"column":17}},"type":"binary-expr","locations":[{"start":{"line":10,"column":8},"end":{"line":10,"column":33}},{"start":{"line":11,"column":8},"end":{"line":17,"column":17}}],"line":10}},"s":{"0":3,"1":3,"2":0,"3":3},"f":{"0":3,"1":0},"b":{"0":[3,3]},"_coverageSchema":"332fd63041d2c1bcb487cc26dd0d5f7d97098a6c","hash":"dd70d8e4010a04f598a886c5b0c01093a48f69be"}
,"/Users/maruf/Desktop/final/offline-forum/src/components/Bot/Bot.js": {"path":"/Users/maruf/Desktop/final/offline-forum/src/components/Bot/Bot.js","statementMap":{"0":{"start":{"line":14,"column":23},"end":{"line":17,"column":5}},"1":{"start":{"line":18,"column":24},"end":{"line":18,"column":60}},"2":{"start":{"line":19,"column":4},"end":{"line":19,"column":60}},"3":{"start":{"line":20,"column":4},"end":{"line":20,"column":21}},"4":{"start":{"line":24,"column":4},"end":{"line":24,"column":36}},"5":{"start":{"line":25,"column":4},"end":{"line":28,"column":8}},"6":{"start":{"line":27,"column":8},"end":{"line":27,"column":84}},"7":{"start":{"line":31,"column":31},"end":{"line":32,"column":66}},"8":{"start":{"line":32,"column":29},"end":{"line":32,"column":65}},"9":{"start":{"line":35,"column":4},"end":{"line":43,"column":6}}},"fnMap":{"0":{"name":"(anonymous_0)","decl":{"start":{"line":13,"column":13},"end":{"line":13,"column":14}},"loc":{"start":{"line":13,"column":24},"end":{"line":21,"column":3}},"line":13},"1":{"name":"(anonymous_1)","decl":{"start":{"line":23,"column":14},"end":{"line":23,"column":15}},"loc":{"start":{"line":23,"column":20},"end":{"line":29,"column":3}},"line":23},"2":{"name":"(anonymous_2)","decl":{"start":{"line":26,"column":12},"end":{"line":26,"column":13}},"loc":{"start":{"line":26,"column":21},"end":{"line":28,"column":7}},"line":26},"3":{"name":"(anonymous_3)","decl":{"start":{"line":31,"column":19},"end":{"line":31,"column":20}},"loc":{"start":{"line":31,"column":31},"end":{"line":32,"column":66}},"line":31},"4":{"name":"(anonymous_4)","decl":{"start":{"line":32,"column":9},"end":{"line":32,"column":10}},"loc":{"start":{"line":32,"column":29},"end":{"line":32,"column":65}},"line":32},"5":{"name":"(anonymous_5)","decl":{"start":{"line":34,"column":2},"end":{"line":34,"column":3}},"loc":{"start":{"line":34,"column":11},"end":{"line":44,"column":3}},"line":34}},"branchMap":{},"s":{"0":1,"1":1,"2":1,"3":1,"4":2,"5":2,"6":0,"7":8,"8":2,"9":8},"f":{"0":1,"1":2,"2":0,"3":8,"4":2,"5":8},"b":{},"_coverageSchema":"332fd63041d2c1bcb487cc26dd0d5f7d97098a6c","hash":"8bb71e132ec3e06a0fc58f5851aee4bd31a2dbf0"}
,"/Users/maruf/Desktop/final/offline-forum/src/components/Bot/Message.js": {"path":"/Users/maruf/Desktop/final/offline-forum/src/components/Bot/Message.js","statementMap":{"0":{"start":{"line":4,"column":14},"end":{"line":4,"column":57}},"1":{"start":{"line":6,"column":16},"end":{"line":14,"column":1}},"2":{"start":{"line":7,"column":2},"end":{"line":13,"column":6}},"3":{"start":{"line":16,"column":0},"end":{"line":19,"column":1}}},"fnMap":{"0":{"name":"(anonymous_0)","decl":{"start":{"line":6,"column":16},"end":{"line":6,"column":17}},"loc":{"start":{"line":7,"column":2},"end":{"line":13,"column":6}},"line":7}},"branchMap":{"0":{"loc":{"start":{"line":9,"column":6},"end":{"line":9,"column":63}},"type":"cond-expr","locations":[{"start":{"line":9,"column":12},"end":{"line":9,"column":36}},{"start":{"line":9,"column":39},"end":{"line":9,"column":63}}],"line":9}},"s":{"0":3,"1":3,"2":3,"3":3},"f":{"0":3},"b":{"0":[1,2]},"_coverageSchema":"332fd63041d2c1bcb487cc26dd0d5f7d97098a6c","hash":"8bfc4f24c7908edb384de293ddbc8b37e5082476"}
,"/Users/maruf/Desktop/final/offline-forum/src/components/Bot/MessageForm.js": {"path":"/Users/maruf/Desktop/final/offline-forum/src/components/Bot/MessageForm.js","statementMap":{"0":{"start":{"line":11,"column":4},"end":{"line":11,"column":23}},"1":{"start":{"line":14,"column":29},"end":{"line":14,"column":75}},"2":{"start":{"line":17,"column":4},"end":{"line":17,"column":23}},"3":{"start":{"line":18,"column":4},"end":{"line":18,"column":48}},"4":{"start":{"line":19,"column":4},"end":{"line":19,"column":37}},"5":{"start":{"line":23,"column":4},"end":{"line":38,"column":6}},"6":{"start":{"line":30,"column":25},"end":{"line":30,"column":43}},"7":{"start":{"line":42,"column":0},"end":{"line":44,"column":2}}},"fnMap":{"0":{"name":"(anonymous_0)","decl":{"start":{"line":10,"column":2},"end":{"line":10,"column":3}},"loc":{"start":{"line":10,"column":21},"end":{"line":12,"column":3}},"line":10},"1":{"name":"(anonymous_1)","decl":{"start":{"line":14,"column":13},"end":{"line":14,"column":14}},"loc":{"start":{"line":14,"column":29},"end":{"line":14,"column":75}},"line":14},"2":{"name":"(anonymous_2)","decl":{"start":{"line":16,"column":13},"end":{"line":16,"column":14}},"loc":{"start":{"line":16,"column":18},"end":{"line":20,"column":3}},"line":16},"3":{"name":"(anonymous_3)","decl":{"start":{"line":22,"column":2},"end":{"line":22,"column":3}},"loc":{"start":{"line":22,"column":11},"end":{"line":39,"column":3}},"line":22},"4":{"name":"(anonymous_4)","decl":{"start":{"line":30,"column":15},"end":{"line":30,"column":16}},"loc":{"start":{"line":30,"column":24},"end":{"line":30,"column":44}},"line":30}},"branchMap":{},"s":{"0":2,"1":0,"2":0,"3":0,"4":0,"5":2,"6":3,"7":2},"f":{"0":2,"1":0,"2":0,"3":2,"4":3},"b":{},"_coverageSchema":"332fd63041d2c1bcb487cc26dd0d5f7d97098a6c","hash":"8ca60a68da5ff450f56f1becff25864666da880e"}
,"/Users/maruf/Desktop/final/offline-forum/src/components/Bot/TypingIndicator.js": {"path":"/Users/maruf/Desktop/final/offline-forum/src/components/Bot/TypingIndicator.js","statementMap":{"0":{"start":{"line":5,"column":24},"end":{"line":13,"column":1}},"1":{"start":{"line":6,"column":2},"end":{"line":12,"column":11}},"2":{"start":{"line":15,"column":0},"end":{"line":17,"column":1}},"3":{"start":{"line":19,"column":0},"end":{"line":21,"column":1}}},"fnMap":{"0":{"name":"(anonymous_0)","decl":{"start":{"line":5,"column":24},"end":{"line":5,"column":25}},"loc":{"start":{"line":5,"column":40},"end":{"line":13,"column":1}},"line":5}},"branchMap":{"0":{"loc":{"start":{"line":6,"column":9},"end":{"line":12,"column":10}},"type":"cond-expr","locations":[{"start":{"line":7,"column":4},"end":{"line":11,"column":10}},{"start":{"line":12,"column":6},"end":{"line":12,"column":10}}],"line":6}},"s":{"0":2,"1":2,"2":2,"3":2},"f":{"0":2},"b":{"0":[0,2]},"_coverageSchema":"332fd63041d2c1bcb487cc26dd0d5f7d97098a6c","hash":"7b14dc955f04ec55fca60307f04ad28d42cdca0c"}
}
