TN:
SF:/Users/maruf/Desktop/final/offline-forum/src/fakePosts.js
FNF:0
FNH:0
DA:1,0
LF:1
LH:0
BRF:0
BRH:0
end_of_record
TN:
SF:/Users/maruf/Desktop/final/offline-forum/src/index.js
FN:6,_interopRequireDefault
FNF:1
FNH:0
FNDA:0,_interopRequireDefault
DA:1,0
DA:2,0
DA:3,0
DA:4,0
DA:5,0
DA:6,0
DA:8,0
DA:9,0
DA:10,0
DA:13,0
DA:15,0
DA:17,0
LF:12
LH:0
BRDA:6,0,0,0
BRDA:6,0,1,0
BRDA:6,1,0,0
BRDA:6,1,1,0
BRDA:9,2,0,0
BRDA:9,2,1,0
BRF:6
BRH:0
end_of_record
TN:
SF:/Users/maruf/Desktop/final/offline-forum/src/registerServiceWorker.js
FN:111,register
FN:115,(anonymous_1)
FN:117,registerValidSW
FN:117,(anonymous_3)
FN:117,(anonymous_4)
FN:117,(anonymous_5)
FN:124,(anonymous_6)
FN:124,checkValidServiceWorker
FN:125,(anonymous_8)
FN:127,(anonymous_9)
FN:127,(anonymous_10)
FN:128,(anonymous_11)
FN:128,unregister
FN:128,(anonymous_13)
FNF:14
FNH:0
FNDA:0,register
FNDA:0,(anonymous_1)
FNDA:0,registerValidSW
FNDA:0,(anonymous_3)
FNDA:0,(anonymous_4)
FNDA:0,(anonymous_5)
FNDA:0,(anonymous_6)
FNDA:0,checkValidServiceWorker
FNDA:0,(anonymous_8)
FNDA:0,(anonymous_9)
FNDA:0,(anonymous_10)
FNDA:0,(anonymous_11)
FNDA:0,unregister
FNDA:0,(anonymous_13)
DA:1,0
DA:21,0
DA:109,0
DA:111,0
DA:112,0
DA:115,0
DA:116,0
DA:117,0
DA:121,0
DA:124,0
DA:125,0
DA:126,0
DA:127,0
DA:128,0
LF:14
LH:0
BRDA:109,0,0,0
BRDA:109,0,1,0
BRDA:109,0,2,0
BRDA:111,1,0,0
BRDA:111,1,1,0
BRDA:111,2,0,0
BRDA:111,2,1,0
BRDA:112,3,0,0
BRDA:112,3,1,0
BRDA:115,4,0,0
BRDA:115,4,1,0
BRDA:117,5,0,0
BRDA:117,5,1,0
BRDA:117,6,0,0
BRDA:117,6,1,0
BRDA:126,7,0,0
BRDA:126,7,1,0
BRDA:126,8,0,0
BRDA:126,8,1,0
BRDA:128,9,0,0
BRDA:128,9,1,0
BRF:21
BRH:0
end_of_record
TN:
SF:/Users/maruf/Desktop/final/offline-forum/src/setupTests.js
FNF:0
FNH:0
DA:4,15
DA:6,15
DA:12,15
LF:3
LH:3
BRF:0
BRH:0
end_of_record
TN:
SF:/Users/maruf/Desktop/final/offline-forum/src/api/index.js
FN:6,generateID
FN:19,createPostObject
FN:32,fetchAllPosts
FN:41,storePostObject
FN:46,removePost
FN:48,(anonymous_5)
FN:55,fetchAllCommments
FN:65,createCommentObject
FN:75,storeCommentObject
FN:80,filterComments
FN:81,(anonymous_10)
FN:84,removeComment
FN:86,(anonymous_12)
FN:90,fetchCurrentPersona
FN:95,fetchPersonas
FN:100,storeCurrentPersona
FN:105,generateRandomInt
FN:124,botReply
FN:127,(anonymous_18)
FN:128,(anonymous_19)
FNF:20
FNH:7
FNDA:0,generateID
FNDA:0,createPostObject
FNDA:10,fetchAllPosts
FNDA:0,storePostObject
FNDA:0,removePost
FNDA:0,(anonymous_5)
FNDA:8,fetchAllCommments
FNDA:0,createCommentObject
FNDA:0,storeCommentObject
FNDA:8,filterComments
FNDA:0,(anonymous_10)
FNDA:0,removeComment
FNDA:0,(anonymous_12)
FNDA:9,fetchCurrentPersona
FNDA:0,fetchPersonas
FNDA:0,storeCurrentPersona
FNDA:4,generateRandomInt
FNDA:2,botReply
FNDA:2,(anonymous_18)
FNDA:0,(anonymous_19)
DA:7,0
DA:20,0
DA:33,10
DA:34,10
DA:42,0
DA:43,0
DA:47,0
DA:48,0
DA:49,0
DA:56,8
DA:57,8
DA:66,0
DA:76,0
DA:77,0
DA:81,8
DA:85,0
DA:86,0
DA:87,0
DA:91,9
DA:92,9
DA:96,0
DA:97,0
DA:101,0
DA:102,0
DA:106,4
DA:109,7
DA:125,2
DA:126,2
DA:127,2
DA:128,2
DA:129,0
LF:31
LH:13
BRDA:19,0,0,0
BRDA:19,1,0,0
BRDA:34,2,0,0
BRDA:34,2,1,10
BRDA:57,3,0,0
BRDA:57,3,1,8
BRDA:65,4,0,0
BRDA:92,5,0,0
BRDA:92,5,1,9
BRDA:97,6,0,0
BRDA:97,6,1,0
BRF:11
BRH:3
end_of_record
TN:
SF:/Users/maruf/Desktop/final/offline-forum/src/components/App.js
FN:14,(anonymous_0)
FN:18,(anonymous_1)
FN:23,(anonymous_2)
FN:28,(anonymous_3)
FN:36,(anonymous_4)
FNF:5
FNH:4
FNDA:8,(anonymous_0)
FNDA:9,(anonymous_1)
FNDA:0,(anonymous_2)
FNDA:2,(anonymous_3)
FNDA:22,(anonymous_4)
DA:15,8
DA:19,9
DA:20,9
DA:24,0
DA:25,0
DA:29,2
DA:30,1
DA:32,1
DA:37,22
LF:9
LH:7
BRDA:29,0,0,1
BRDA:29,0,1,1
BRDA:43,1,0,20
BRDA:43,1,1,2
BRDA:51,2,0,20
BRDA:51,2,1,2
BRF:6
BRH:6
end_of_record
TN:
SF:/Users/maruf/Desktop/final/offline-forum/src/components/AvatarSelector.js
FN:7,(anonymous_0)
FNF:1
FNH:1
FNDA:14,(anonymous_0)
DA:7,3
DA:8,14
DA:9,14
DA:10,1
DA:12,14
DA:13,1
DA:15,14
DA:16,1
DA:18,14
DA:28,3
LF:10
LH:10
BRDA:9,0,0,1
BRDA:9,0,1,13
BRDA:12,1,0,1
BRDA:12,1,1,13
BRDA:15,2,0,1
BRDA:15,2,1,13
BRF:6
BRH:6
end_of_record
TN:
SF:/Users/maruf/Desktop/final/offline-forum/src/components/Button.js
FN:8,(anonymous_0)
FNF:1
FNH:1
FNDA:14,(anonymous_0)
DA:4,6
DA:6,6
DA:8,6
DA:9,14
DA:18,6
DA:25,6
LF:6
LH:6
BRDA:10,0,0,1
BRDA:10,0,1,13
BRF:2
BRH:2
end_of_record
TN:
SF:/Users/maruf/Desktop/final/offline-forum/src/components/Comments.js
FN:12,(anonymous_0)
FN:16,(anonymous_1)
FN:22,(anonymous_2)
FN:27,(anonymous_3)
FN:28,(anonymous_4)
FN:36,(anonymous_5)
FNF:6
FNH:5
FNDA:6,(anonymous_0)
FNDA:8,(anonymous_1)
FNDA:1,(anonymous_2)
FNDA:14,(anonymous_3)
FNDA:0,(anonymous_4)
FNDA:14,(anonymous_5)
DA:13,6
DA:17,8
DA:18,8
DA:19,8
DA:23,1
DA:24,1
DA:28,14
DA:29,0
DA:37,14
DA:51,4
LF:10
LH:9
BRDA:16,0,0,8
BRF:1
BRH:1
end_of_record
TN:
SF:/Users/maruf/Desktop/final/offline-forum/src/components/CreateNewComment.js
FN:10,(anonymous_0)
FN:12,(anonymous_1)
FN:25,(anonymous_2)
FNF:3
FNH:2
FNDA:1,(anonymous_0)
FNDA:0,(anonymous_1)
FNDA:5,(anonymous_2)
DA:10,1
DA:13,0
DA:14,0
DA:15,0
DA:20,0
DA:21,0
DA:22,0
DA:26,5
DA:51,5
LF:9
LH:3
BRF:0
BRH:0
end_of_record
TN:
SF:/Users/maruf/Desktop/final/offline-forum/src/components/CreateNewPost.js
FN:11,(anonymous_0)
FN:12,(anonymous_1)
FN:22,(anonymous_2)
FNF:3
FNH:2
FNDA:2,(anonymous_0)
FNDA:0,(anonymous_1)
FNDA:18,(anonymous_2)
DA:11,2
DA:13,0
DA:14,0
DA:15,0
DA:16,0
DA:17,0
DA:18,0
DA:19,0
DA:23,18
DA:24,18
DA:36,3
LF:11
LH:4
BRF:0
BRH:0
end_of_record
TN:
SF:/Users/maruf/Desktop/final/offline-forum/src/components/PersonaSwitcher.js
FN:5,(anonymous_0)
FNF:1
FNH:1
FNDA:11,(anonymous_0)
DA:5,2
DA:6,11
DA:31,2
LF:3
LH:3
BRF:0
BRH:0
end_of_record
TN:
SF:/Users/maruf/Desktop/final/offline-forum/src/components/Posts.js
FN:12,(anonymous_0)
FN:16,(anonymous_1)
FN:21,(anonymous_2)
FN:26,(anonymous_3)
FN:27,(anonymous_4)
FN:36,(anonymous_5)
FNF:6
FNH:5
FNDA:8,(anonymous_0)
FNDA:10,(anonymous_1)
FNDA:1,(anonymous_2)
FNDA:19,(anonymous_3)
FNDA:0,(anonymous_4)
FNDA:19,(anonymous_5)
DA:13,8
DA:17,10
DA:18,10
DA:22,1
DA:23,1
DA:27,19
DA:28,0
DA:37,19
DA:49,2
LF:9
LH:8
BRF:0
BRH:0
end_of_record
TN:
SF:/Users/maruf/Desktop/final/offline-forum/src/components/SingleComment.js
FN:5,(anonymous_0)
FN:10,(anonymous_1)
FNF:2
FNH:1
FNDA:3,(anonymous_0)
FNDA:0,(anonymous_1)
DA:5,5
DA:6,3
DA:10,0
DA:23,5
LF:4
LH:3
BRDA:7,0,0,3
BRDA:7,0,1,3
BRF:2
BRH:2
end_of_record
TN:
SF:/Users/maruf/Desktop/final/offline-forum/src/components/SinglePost.js
FN:7,(anonymous_0)
FN:13,(anonymous_1)
FNF:2
FNH:1
FNDA:3,(anonymous_0)
FNDA:0,(anonymous_1)
DA:7,3
DA:8,3
DA:13,0
DA:28,3
LF:4
LH:3
BRDA:10,0,0,3
BRDA:10,0,1,3
BRF:2
BRH:2
end_of_record
TN:
SF:/Users/maruf/Desktop/final/offline-forum/src/components/Bot/Bot.js
FN:13,(anonymous_0)
FN:23,(anonymous_1)
FN:26,(anonymous_2)
FN:31,(anonymous_3)
FN:32,(anonymous_4)
FN:34,(anonymous_5)
FNF:6
FNH:5
FNDA:1,(anonymous_0)
FNDA:2,(anonymous_1)
FNDA:0,(anonymous_2)
FNDA:8,(anonymous_3)
FNDA:2,(anonymous_4)
FNDA:8,(anonymous_5)
DA:14,1
DA:18,1
DA:19,1
DA:20,1
DA:24,2
DA:25,2
DA:27,0
DA:31,8
DA:32,2
DA:35,8
LF:10
LH:9
BRF:0
BRH:0
end_of_record
TN:
SF:/Users/maruf/Desktop/final/offline-forum/src/components/Bot/Message.js
FN:6,(anonymous_0)
FNF:1
FNH:1
FNDA:3,(anonymous_0)
DA:4,3
DA:6,3
DA:7,3
DA:16,3
LF:4
LH:4
BRDA:9,0,0,1
BRDA:9,0,1,2
BRF:2
BRH:2
end_of_record
TN:
SF:/Users/maruf/Desktop/final/offline-forum/src/components/Bot/MessageForm.js
FN:10,(anonymous_0)
FN:14,(anonymous_1)
FN:16,(anonymous_2)
FN:22,(anonymous_3)
FN:30,(anonymous_4)
FNF:5
FNH:3
FNDA:2,(anonymous_0)
FNDA:0,(anonymous_1)
FNDA:0,(anonymous_2)
FNDA:2,(anonymous_3)
FNDA:3,(anonymous_4)
DA:11,2
DA:14,0
DA:17,0
DA:18,0
DA:19,0
DA:23,2
DA:30,3
DA:42,2
LF:8
LH:4
BRF:0
BRH:0
end_of_record
TN:
SF:/Users/maruf/Desktop/final/offline-forum/src/components/Bot/TypingIndicator.js
FN:5,(anonymous_0)
FNF:1
FNH:1
FNDA:2,(anonymous_0)
DA:5,2
DA:6,2
DA:15,2
DA:19,2
LF:4
LH:4
BRDA:6,0,0,0
BRDA:6,0,1,2
BRF:2
BRH:1
end_of_record
